Before POST: Array
(
    [2] => Array
        (
            [full_name] => rahul
            [email] => 
            [mobile] => 
            [dob] => 
            [gender] => 
            [religion] => 
            [nationality] => 
            [marital_status] => 
            [hobbies] => 
            [languages] => 
            [address] => 
            [experience] => Array
                (
                )

            [education] => Array
                (
                )

            [skills] => Array
                (
                )

            [template] => 
        )

)

Before POST: Array
(
    [2] => Array
        (
            [full_name] => rahul
            [email] => 
            [mobile] => 
            [dob] => 
            [gender] => 
            [religion] => 
            [nationality] => 
            [marital_status] => 
            [hobbies] => 
            [languages] => 
            [address] => 
            [experience] => Array
                (
                )

            [education] => Array
                (
                )

            [skills] => Array
                (
                )

            [template] => 
        )

)

After Adding Resume ID 2: Array
(
    [2] => Array
        (
            [full_name] => vfbn
            [email] => 
            [mobile] => 
            [dob] => 
            [gender] => 
            [religion] => 
            [nationality] => 
            [marital_status] => 
            [hobbies] => 
            [languages] => 
            [address] => 
            [experience] => Array
                (
                )

            [education] => Array
                (
                )

            [skills] => Array
                (
                )

            [template] => 
        )

)

Before POST: Array
(
    [2] => Array
        (
            [full_name] => vfbn
            [email] => 
            [mobile] => 
            [dob] => 
            [gender] => 
            [religion] => 
            [nationality] => 
            [marital_status] => 
            [hobbies] => 
            [languages] => 
            [address] => 
            [experience] => Array
                (
                )

            [education] => Array
                (
                )

            [skills] => Array
                (
                )

            [template] => 
        )

)

Before POST: Array
(
    [2] => Array
        (
            [full_name] => New Resume 2
            [email] => 
            [mobile] => 
            [dob] => 
            [gender] => 
            [religion] => 
            [nationality] => 
            [marital_status] => 
            [hobbies] => 
            [languages] => 
            [address] => 
            [experience] => Array
                (
                )

            [education] => Array
                (
                )

            [skills] => Array
                (
                )

            [template] => 
        )

)

After Adding Resume ID 2: Array
(
    [2] => Array
        (
            [full_name] => New Resume 2
            [email] => 
            [mobile] => 
            [dob] => 
            [gender] => 
            [religion] => 
            [nationality] => 
            [marital_status] => 
            [hobbies] => 
            [languages] => 
            [address] => 
            [experience] => Array
                (
                )

            [education] => Array
                (
                )

            [skills] => Array
                (
                )

            [template] => 
        )

)

Before POST: Array
(
    [2] => Array
        (
            [full_name] => New Resume 2
            [email] => 
            [mobile] => 
            [dob] => 
            [gender] => 
            [religion] => 
            [nationality] => 
            [marital_status] => 
            [hobbies] => 
            [languages] => 
            [address] => 
            [experience] => Array
                (
                )

            [education] => Array
                (
                )

            [skills] => Array
                (
                )

            [template] => 
        )

)

Before POST: Array
(
    [2] => Array
        (
            [full_name] => New Resume 2
            [email] => 
            [mobile] => 
            [dob] => 
            [gender] => 
            [religion] => 
            [nationality] => 
            [marital_status] => 
            [hobbies] => 
            [languages] => 
            [address] => 
            [experience] => Array
                (
                )

            [education] => Array
                (
                )

            [skills] => Array
                (
                )

            [template] => 
        )

)

After Adding Resume ID 2: Array
(
    [2] => Array
        (
            [full_name] => rrrr
            [email] => 
            [mobile] => 
            [dob] => 
            [gender] => 
            [religion] => 
            [nationality] => 
            [marital_status] => 
            [hobbies] => 
            [languages] => 
            [address] => 
            [experience] => Array
                (
                )

            [education] => Array
                (
                )

            [skills] => Array
                (
                )

            [template] => 
        )

)

Before POST: Array
(
    [2] => Array
        (
            [full_name] => rrrr
            [email] => 
            [mobile] => 
            [dob] => 
            [gender] => 
            [religion] => 
            [nationality] => 
            [marital_status] => 
            [hobbies] => 
            [languages] => 
            [address] => 
            [experience] => Array
                (
                )

            [education] => Array
                (
                )

            [skills] => Array
                (
                )

            [template] => 
        )

)

Before POST: Array
(
    [2] => Array
        (
            [full_name] => rrrr
            [email] => 
            [mobile] => 
            [dob] => 
            [gender] => 
            [religion] => 
            [nationality] => 
            [marital_status] => 
            [hobbies] => 
            [languages] => 
            [address] => 
            [experience] => Array
                (
                )

            [education] => Array
                (
                )

            [skills] => Array
                (
                )

            [template] => 
        )

)

Before POST: Array
(
    [2] => Array
        (
            [full_name] => New Resume 2
            [email] => 
            [mobile] => 
            [dob] => 
            [gender] => 
            [religion] => 
            [nationality] => 
            [marital_status] => 
            [hobbies] => 
            [languages] => 
            [address] => 
            [experience] => Array
                (
                )

            [education] => Array
                (
                )

            [skills] => Array
                (
                )

            [template] => 
        )

)

Before POST: Array
(
    [2] => Array
        (
            [full_name] => New Resume 2
            [email] => 
            [mobile] => 
            [dob] => 
            [gender] => 
            [religion] => 
            [nationality] => 
            [marital_status] => 
            [hobbies] => 
            [languages] => 
            [address] => 
            [experience] => Array
                (
                )

            [education] => Array
                (
                )

            [skills] => Array
                (
                )

            [template] => 
        )

)

After Adding Resume ID 2: Array
(
    [2] => Array
        (
            [full_name] => rahul
            [email] => 
            [mobile] => 
            [dob] => 
            [gender] => 
            [religion] => 
            [nationality] => 
            [marital_status] => 
            [hobbies] => 
            [languages] => 
            [address] => 
            [experience] => Array
                (
                )

            [education] => Array
                (
                )

            [skills] => Array
                (
                )

            [template] => 
        )

)

Before POST: Array
(
    [2] => Array
        (
            [full_name] => rahul
            [email] => 
            [mobile] => 
            [dob] => 
            [gender] => 
            [religion] => 
            [nationality] => 
            [marital_status] => 
            [hobbies] => 
            [languages] => 
            [address] => 
            [experience] => Array
                (
                )

            [education] => Array
                (
                )

            [skills] => Array
                (
                )

            [template] => 
        )

)

Before POST: Array
(
    [2] => Array
        (
            [full_name] => rahul
            [email] => 
            [mobile] => 
            [dob] => 
            [gender] => 
            [religion] => 
            [nationality] => 
            [marital_status] => 
            [hobbies] => 
            [languages] => 
            [address] => 
            [experience] => Array
                (
                )

            [education] => Array
                (
                )

            [skills] => Array
                (
                )

            [template] => 
        )

)

Before POST: Array
(
    [2] => Array
        (
            [full_name] => rahul
            [email] => 
            [mobile] => 
            [dob] => 
            [gender] => 
            [religion] => 
            [nationality] => 
            [marital_status] => 
            [hobbies] => 
            [languages] => 
            [address] => 
            [experience] => Array
                (
                )

            [education] => Array
                (
                )

            [skills] => Array
                (
                )

            [template] => 
        )

)

Before POST: Array
(
    [2] => Array
        (
            [full_name] => rahul
            [email] => 
            [mobile] => 
            [dob] => 
            [gender] => 
            [religion] => 
            [nationality] => 
            [marital_status] => 
            [hobbies] => 
            [languages] => 
            [address] => 
            [experience] => Array
                (
                )

            [education] => Array
                (
                )

            [skills] => Array
                (
                )

            [template] => 
        )

)

After Adding Resume ID 2: Array
(
    [2] => Array
        (
            [full_name] => sd
            [email] => 
            [mobile] => 
            [dob] => 
            [gender] => 
            [religion] => 
            [nationality] => 
            [marital_status] => 
            [hobbies] => 
            [languages] => 
            [address] => 
            [experience] => Array
                (
                )

            [education] => Array
                (
                )

            [skills] => Array
                (
                )

            [template] => 
        )

)

Before POST: Array
(
    [2] => Array
        (
            [full_name] => sd
            [email] => 
            [mobile] => 
            [dob] => 
            [gender] => 
            [religion] => 
            [nationality] => 
            [marital_status] => 
            [hobbies] => 
            [languages] => 
            [address] => 
            [experience] => Array
                (
                )

            [education] => Array
                (
                )

            [skills] => Array
                (
                )

            [template] => 
        )

)

Before POST: Array
(
    [2] => Array
        (
            [full_name] => sd
            [email] => 
            [mobile] => 
            [dob] => 
            [gender] => 
            [religion] => 
            [nationality] => 
            [marital_status] => 
            [hobbies] => 
            [languages] => 
            [address] => 
            [experience] => Array
                (
                    [0] => Array
                        (
                            [title] => 
                            [company] => 
                            [years] => 
                        )

                )

            [education] => Array
                (
                    [0] => Array
                        (
                            [degree] => 
                            [school] => 
                            [year] => 
                        )

                )

            [skills] => Array
                (
                    [0] => 
                )

            [template] => 3
        )

)

Before POST: Array
(
    [2] => Array
        (
            [full_name] => sd
            [email] => 
            [mobile] => 
            [dob] => 
            [gender] => 
            [religion] => 
            [nationality] => 
            [marital_status] => 
            [hobbies] => 
            [languages] => 
            [address] => 
            [experience] => Array
                (
                    [0] => Array
                        (
                            [title] => 
                            [company] => 
                            [years] => 
                        )

                )

            [education] => Array
                (
                    [0] => Array
                        (
                            [degree] => 
                            [school] => 
                            [year] => 
                        )

                )

            [skills] => Array
                (
                    [0] => 
                )

            [template] => 3
        )

)

Before POST: Array
(
    [2] => Array
        (
            [full_name] => we
            [email] => 
            [mobile] => 
            [dob] => 
            [gender] => 
            [religion] => 
            [nationality] => 
            [marital_status] => 
            [hobbies] => 
            [languages] => 
            [address] => 
            [experience] => Array
                (
                )

            [education] => Array
                (
                )

            [skills] => Array
                (
                )

            [template] => 
        )

)

Before POST: Array
(
    [2] => Array
        (
            [full_name] => we
            [email] => 
            [mobile] => 
            [dob] => 
            [gender] => 
            [religion] => 
            [nationality] => 
            [marital_status] => 
            [hobbies] => 
            [languages] => 
            [address] => 
            [experience] => Array
                (
                )

            [education] => Array
                (
                )

            [skills] => Array
                (
                )

            [template] => 
        )

)

Before POST: Array
(
    [2] => Array
        (
            [full_name] => we
            [email] => 
            [mobile] => 
            [dob] => 
            [gender] => 
            [religion] => 
            [nationality] => 
            [marital_status] => 
            [hobbies] => 
            [languages] => 
            [address] => 
            [experience] => Array
                (
                )

            [education] => Array
                (
                )

            [skills] => Array
                (
                )

            [template] => 
        )

)

Before POST: Array
(
    [2] => Array
        (
            [full_name] => we
            [email] => 
            [mobile] => 
            [dob] => 
            [gender] => 
            [religion] => 
            [nationality] => 
            [marital_status] => 
            [hobbies] => 
            [languages] => 
            [address] => 
            [experience] => Array
                (
                )

            [education] => Array
                (
                )

            [skills] => Array
                (
                )

            [template] => 
        )

)

Before POST: Array
(
    [2] => Array
        (
            [full_name] => we
            [email] => 
            [mobile] => 
            [dob] => 
            [gender] => 
            [religion] => 
            [nationality] => 
            [marital_status] => 
            [hobbies] => 
            [languages] => 
            [address] => 
            [experience] => Array
                (
                )

            [education] => Array
                (
                )

            [skills] => Array
                (
                )

            [template] => 
        )

)

Before POST: Array
(
    [2] => Array
        (
            [full_name] => we
            [email] => 
            [mobile] => 
            [dob] => 
            [gender] => 
            [religion] => 
            [nationality] => 
            [marital_status] => 
            [hobbies] => 
            [languages] => 
            [address] => 
            [experience] => Array
                (
                )

            [education] => Array
                (
                )

            [skills] => Array
                (
                )

            [template] => 
        )

)

Before POST: Array
(
    [2] => Array
        (
            [full_name] => we
            [email] => 
            [mobile] => 
            [dob] => 
            [gender] => 
            [religion] => 
            [nationality] => 
            [marital_status] => 
            [hobbies] => 
            [languages] => 
            [address] => 
            [experience] => Array
                (
                )

            [education] => Array
                (
                )

            [skills] => Array
                (
                )

            [template] => 
        )

)

Before POST: Array
(
    [2] => Array
        (
            [full_name] => we
            [email] => 
            [mobile] => 
            [dob] => 
            [gender] => 
            [religion] => 
            [nationality] => 
            [marital_status] => 
            [hobbies] => 
            [languages] => 
            [address] => 
            [experience] => Array
                (
                )

            [education] => Array
                (
                )

            [skills] => Array
                (
                )

            [template] => 
        )

)

Before POST: Array
(
    [2] => Array
        (
            [full_name] => we
            [email] => 
            [mobile] => 
            [dob] => 
            [gender] => 
            [religion] => 
            [nationality] => 
            [marital_status] => 
            [hobbies] => 
            [languages] => 
            [address] => 
            [experience] => Array
                (
                )

            [education] => Array
                (
                )

            [skills] => Array
                (
                )

            [template] => 
        )

)

Before POST: Array
(
    [2] => Array
        (
            [full_name] => we
            [email] => 
            [mobile] => 
            [dob] => 
            [gender] => 
            [religion] => 
            [nationality] => 
            [marital_status] => 
            [hobbies] => 
            [languages] => 
            [address] => 
            [experience] => Array
                (
                )

            [education] => Array
                (
                )

            [skills] => Array
                (
                )

            [template] => 
        )

)

Before POST: Array
(
    [2] => Array
        (
            [full_name] => we
            [email] => 
            [mobile] => 
            [dob] => 
            [gender] => 
            [religion] => 
            [nationality] => 
            [marital_status] => 
            [hobbies] => 
            [languages] => 
            [address] => 
            [experience] => Array
                (
                )

            [education] => Array
                (
                )

            [skills] => Array
                (
                )

            [template] => 
        )

)

Before POST: Array
(
    [2] => Array
        (
            [full_name] => we
            [email] => 
            [mobile] => 
            [dob] => 
            [gender] => 
            [religion] => 
            [nationality] => 
            [marital_status] => 
            [hobbies] => 
            [languages] => 
            [address] => 
            [experience] => Array
                (
                )

            [education] => Array
                (
                )

            [skills] => Array
                (
                )

            [template] => 
        )

)

Before POST: Array
(
    [2] => Array
        (
            [full_name] => we
            [email] => 
            [mobile] => 
            [dob] => 
            [gender] => 
            [religion] => 
            [nationality] => 
            [marital_status] => 
            [hobbies] => 
            [languages] => 
            [address] => 
            [experience] => Array
                (
                )

            [education] => Array
                (
                )

            [skills] => Array
                (
                )

            [template] => 
        )

)

Before POST: Array
(
    [2] => Array
        (
            [full_name] => we
            [email] => 
            [mobile] => 
            [dob] => 
            [gender] => 
            [religion] => 
            [nationality] => 
            [marital_status] => 
            [hobbies] => 
            [languages] => 
            [address] => 
            [experience] => Array
                (
                )

            [education] => Array
                (
                )

            [skills] => Array
                (
                )

            [template] => 
        )

)

Before POST: Array
(
    [2] => Array
        (
            [full_name] => we
            [email] => 
            [mobile] => 
            [dob] => 
            [gender] => 
            [religion] => 
            [nationality] => 
            [marital_status] => 
            [hobbies] => 
            [languages] => 
            [address] => 
            [experience] => Array
                (
                )

            [education] => Array
                (
                )

            [skills] => Array
                (
                )

            [template] => 
        )

)

Before POST: Array
(
    [2] => Array
        (
            [full_name] => we
            [email] => 
            [mobile] => 
            [dob] => 
            [gender] => 
            [religion] => 
            [nationality] => 
            [marital_status] => 
            [hobbies] => 
            [languages] => 
            [address] => 
            [experience] => Array
                (
                )

            [education] => Array
                (
                )

            [skills] => Array
                (
                )

            [template] => 
        )

)

Before POST: Array
(
    [2] => Array
        (
            [full_name] => we
            [email] => 
            [mobile] => 
            [dob] => 
            [gender] => 
            [religion] => 
            [nationality] => 
            [marital_status] => 
            [hobbies] => 
            [languages] => 
            [address] => 
            [experience] => Array
                (
                )

            [education] => Array
                (
                )

            [skills] => Array
                (
                )

            [template] => 
        )

)

Before POST: Array
(
    [2] => Array
        (
            [full_name] => we
            [email] => 
            [mobile] => 
            [dob] => 
            [gender] => 
            [religion] => 
            [nationality] => 
            [marital_status] => 
            [hobbies] => 
            [languages] => 
            [address] => 
            [experience] => Array
                (
                )

            [education] => Array
                (
                )

            [skills] => Array
                (
                )

            [template] => 
        )

)

Before POST: Array
(
    [2] => Array
        (
            [full_name] => we
            [email] => 
            [mobile] => 
            [dob] => 
            [gender] => 
            [religion] => 
            [nationality] => 
            [marital_status] => 
            [hobbies] => 
            [languages] => 
            [address] => 
            [experience] => Array
                (
                )

            [education] => Array
                (
                )

            [skills] => Array
                (
                )

            [template] => 
        )

)

Before POST: Array
(
    [2] => Array
        (
            [full_name] => we
            [email] => 
            [mobile] => 
            [dob] => 
            [gender] => 
            [religion] => 
            [nationality] => 
            [marital_status] => 
            [hobbies] => 
            [languages] => 
            [address] => 
            [experience] => Array
                (
                )

            [education] => Array
                (
                )

            [skills] => Array
                (
                )

            [template] => 
        )

)

Before POST: Array
(
    [2] => Array
        (
            [full_name] => we
            [email] => 
            [mobile] => 
            [dob] => 
            [gender] => 
            [religion] => 
            [nationality] => 
            [marital_status] => 
            [hobbies] => 
            [languages] => 
            [address] => 
            [experience] => Array
                (
                )

            [education] => Array
                (
                )

            [skills] => Array
                (
                )

            [template] => 
        )

)

Before POST: Array
(
    [2] => Array
        (
            [full_name] => we
            [email] => 
            [mobile] => 
            [dob] => 
            [gender] => 
            [religion] => 
            [nationality] => 
            [marital_status] => 
            [hobbies] => 
            [languages] => 
            [address] => 
            [experience] => Array
                (
                )

            [education] => Array
                (
                )

            [skills] => Array
                (
                )

            [template] => 
        )

)

Before POST: Array
(
    [2] => Array
        (
            [full_name] => we
            [email] => 
            [mobile] => 
            [dob] => 
            [gender] => 
            [religion] => 
            [nationality] => 
            [marital_status] => 
            [hobbies] => 
            [languages] => 
            [address] => 
            [experience] => Array
                (
                )

            [education] => Array
                (
                )

            [skills] => Array
                (
                )

            [template] => 
        )

)

Before POST: Array
(
    [2] => Array
        (
            [full_name] => we
            [email] => 
            [mobile] => 
            [dob] => 
            [gender] => 
            [religion] => 
            [nationality] => 
            [marital_status] => 
            [hobbies] => 
            [languages] => 
            [address] => 
            [experience] => Array
                (
                )

            [education] => Array
                (
                )

            [skills] => Array
                (
                )

            [template] => 
        )

)

Before POST: Array
(
    [2] => Array
        (
            [full_name] => we
            [email] => 
            [mobile] => 
            [dob] => 
            [gender] => 
            [religion] => 
            [nationality] => 
            [marital_status] => 
            [hobbies] => 
            [languages] => 
            [address] => 
            [experience] => Array
                (
                )

            [education] => Array
                (
                )

            [skills] => Array
                (
                )

            [template] => 
        )

)

After Deleting Resume ID 2: Array
(
)

Before POST: Array
(
)

Before POST: Array
(
)

After Adding Resume ID 1: Array
(
    [1] => Array
        (
            [full_name] => rahul
            [email] => 
            [mobile] => 
            [dob] => 
            [gender] => 
            [religion] => 
            [nationality] => 
            [marital_status] => 
            [hobbies] => 
            [languages] => 
            [address] => 
            [experience] => Array
                (
                )

            [education] => Array
                (
                )

            [skills] => Array
                (
                )

            [template] => 
        )

)

Before POST: Array
(
    [1] => Array
        (
            [full_name] => rahul
            [email] => 
            [mobile] => 
            [dob] => 
            [gender] => 
            [religion] => 
            [nationality] => 
            [marital_status] => 
            [hobbies] => 
            [languages] => 
            [address] => 
            [experience] => Array
                (
                )

            [education] => Array
                (
                )

            [skills] => Array
                (
                )

            [template] => 
        )

)

